<?xml version="1.0" encoding="UTF-8"?>
<!-- Generated by org.testng.reporters.JUnitReportReporter -->
<testsuite hostname="Chethan-PC" failures="0" tests="2" name="tests.DemoTest" time="12.082" errors="0" timestamp="06 Aug 2020 14:52:53 GMT" skipped="0">
  <testcase classname="tests.DemoTest" name="openApplication_03" time="7.929"/>
  <testcase classname="tests.DemoTest" name="Demo_test_01" time="4.153"/>
</testsuite> <!-- tests.DemoTest -->
