<?xml version="1.0" encoding="UTF-8"?>
<!-- Generated by org.testng.reporters.JUnitReportReporter -->
<testsuite hostname="DESKTOP-B832L8G" failures="0" tests="2" name="tests.DemoTest" time="5.524" errors="0" timestamp="27 Jun 2020 04:48:54 GMT" skipped="0">
  <testcase classname="tests.DemoTest" name="Demo_test_01" time="3.816"/>
  <testcase classname="tests.DemoTest" name="openApplication_03" time="1.708"/>
</testsuite> <!-- tests.DemoTest -->
